2018-01-09 14:28:12.019 INFO   study bootstrap [thread:main,pid:19388] [,,,] org.springframework.context.annotation.AnnotationConfigApplicationContext --- Refreshing org.springframework.context.annotation.AnnotationConfigApplicationContext@60129b9a: startup date [Tue Jan 09 14:28:12 CST 2018]; root of context hierarchy
2018-01-09 14:28:12.070 INFO   study bootstrap [thread:main,pid:19388] [,,,] org.apache.kafka.clients.producer.ProducerConfig --- ProducerConfig values: 
	acks = 1
	batch.size = 16384
	bootstrap.servers = [192.168.7.128:9092]
	buffer.memory = 33554432
	client.id = 
	compression.type = none
	connections.max.idle.ms = 540000
	enable.idempotence = false
	interceptor.classes = null
	key.serializer = class org.apache.kafka.common.serialization.ByteArraySerializer
	linger.ms = 0
	max.block.ms = 60000
	max.in.flight.requests.per.connection = 5
	max.request.size = 1048576
	metadata.max.age.ms = 300000
	metric.reporters = []
	metrics.num.samples = 2
	metrics.recording.level = INFO
	metrics.sample.window.ms = 30000
	partitioner.class = class org.apache.kafka.clients.producer.internals.DefaultPartitioner
	receive.buffer.bytes = 32768
	reconnect.backoff.max.ms = 1000
	reconnect.backoff.ms = 50
	request.timeout.ms = 30000
	retries = 0
	retry.backoff.ms = 100
	sasl.jaas.config = null
	sasl.kerberos.kinit.cmd = /usr/bin/kinit
	sasl.kerberos.min.time.before.relogin = 60000
	sasl.kerberos.service.name = null
	sasl.kerberos.ticket.renew.jitter = 0.05
	sasl.kerberos.ticket.renew.window.factor = 0.8
	sasl.mechanism = GSSAPI
	security.protocol = PLAINTEXT
	send.buffer.bytes = 131072
	ssl.cipher.suites = null
	ssl.enabled.protocols = [TLSv1.2, TLSv1.1, TLSv1]
	ssl.endpoint.identification.algorithm = null
	ssl.key.password = null
	ssl.keymanager.algorithm = SunX509
	ssl.keystore.location = null
	ssl.keystore.password = null
	ssl.keystore.type = JKS
	ssl.protocol = TLS
	ssl.provider = null
	ssl.secure.random.implementation = null
	ssl.trustmanager.algorithm = PKIX
	ssl.truststore.location = null
	ssl.truststore.password = null
	ssl.truststore.type = JKS
	transaction.timeout.ms = 60000
	transactional.id = null
	value.serializer = class org.apache.kafka.common.serialization.ByteArraySerializer

2018-01-09 14:28:12.136 INFO   study bootstrap [thread:main,pid:19388] [,,,] org.apache.kafka.common.utils.AppInfoParser --- Kafka version : 1.0.0
2018-01-09 14:28:12.136 INFO   study bootstrap [thread:main,pid:19388] [,,,] org.apache.kafka.common.utils.AppInfoParser --- Kafka commitId : aaa7af6d4a11b29d
2018-01-09 14:28:13.144 WARN   study bootstrap [thread:kafka-producer-network-thread | producer-1,pid:19388] [,,,] org.apache.kafka.clients.NetworkClient --- [Producer clientId=producer-1] Connection to node -1 could not be established. Broker may not be available.
2018-01-09 14:28:14.201 WARN   study bootstrap [thread:kafka-producer-network-thread | producer-1,pid:19388] [,,,] org.apache.kafka.clients.NetworkClient --- [Producer clientId=producer-1] Connection to node -1 could not be established. Broker may not be available.
2018-01-09 14:29:01.869 INFO   study bootstrap [thread:main,pid:18648] [,,,] org.springframework.context.annotation.AnnotationConfigApplicationContext --- Refreshing org.springframework.context.annotation.AnnotationConfigApplicationContext@60129b9a: startup date [Tue Jan 09 14:29:01 CST 2018]; root of context hierarchy
2018-01-09 14:29:01.884 INFO   study bootstrap [thread:main,pid:18648] [,,,] org.apache.kafka.clients.producer.ProducerConfig --- ProducerConfig values: 
	acks = 1
	batch.size = 16384
	bootstrap.servers = [192.168.7.128:9092]
	buffer.memory = 33554432
	client.id = 
	compression.type = none
	connections.max.idle.ms = 540000
	enable.idempotence = false
	interceptor.classes = null
	key.serializer = class org.apache.kafka.common.serialization.ByteArraySerializer
	linger.ms = 0
	max.block.ms = 60000
	max.in.flight.requests.per.connection = 5
	max.request.size = 1048576
	metadata.max.age.ms = 300000
	metric.reporters = []
	metrics.num.samples = 2
	metrics.recording.level = INFO
	metrics.sample.window.ms = 30000
	partitioner.class = class org.apache.kafka.clients.producer.internals.DefaultPartitioner
	receive.buffer.bytes = 32768
	reconnect.backoff.max.ms = 1000
	reconnect.backoff.ms = 50
	request.timeout.ms = 30000
	retries = 0
	retry.backoff.ms = 100
	sasl.jaas.config = null
	sasl.kerberos.kinit.cmd = /usr/bin/kinit
	sasl.kerberos.min.time.before.relogin = 60000
	sasl.kerberos.service.name = null
	sasl.kerberos.ticket.renew.jitter = 0.05
	sasl.kerberos.ticket.renew.window.factor = 0.8
	sasl.mechanism = GSSAPI
	security.protocol = PLAINTEXT
	send.buffer.bytes = 131072
	ssl.cipher.suites = null
	ssl.enabled.protocols = [TLSv1.2, TLSv1.1, TLSv1]
	ssl.endpoint.identification.algorithm = null
	ssl.key.password = null
	ssl.keymanager.algorithm = SunX509
	ssl.keystore.location = null
	ssl.keystore.password = null
	ssl.keystore.type = JKS
	ssl.protocol = TLS
	ssl.provider = null
	ssl.secure.random.implementation = null
	ssl.trustmanager.algorithm = PKIX
	ssl.truststore.location = null
	ssl.truststore.password = null
	ssl.truststore.type = JKS
	transaction.timeout.ms = 60000
	transactional.id = null
	value.serializer = class org.apache.kafka.common.serialization.ByteArraySerializer

2018-01-09 14:29:01.928 INFO   study bootstrap [thread:main,pid:18648] [,,,] org.apache.kafka.common.utils.AppInfoParser --- Kafka version : 1.0.0
2018-01-09 14:29:01.929 INFO   study bootstrap [thread:main,pid:18648] [,,,] org.apache.kafka.common.utils.AppInfoParser --- Kafka commitId : aaa7af6d4a11b29d
2018-01-09 14:29:02.942 WARN   study bootstrap [thread:kafka-producer-network-thread | producer-1,pid:18648] [,,,] org.apache.kafka.clients.NetworkClient --- [Producer clientId=producer-1] Connection to node -1 could not be established. Broker may not be available.
2018-01-09 14:29:03.997 WARN   study bootstrap [thread:kafka-producer-network-thread | producer-1,pid:18648] [,,,] org.apache.kafka.clients.NetworkClient --- [Producer clientId=producer-1] Connection to node -1 could not be established. Broker may not be available.
2018-01-09 14:30:02.212 INFO   study bootstrap [thread:main,pid:18648] [,,,] org.springframework.context.support.PostProcessorRegistrationDelegate$BeanPostProcessorChecker --- Bean 'configurationPropertiesRebinderAutoConfiguration' of type [org.springframework.cloud.autoconfigure.ConfigurationPropertiesRebinderAutoConfiguration$$EnhancerBySpringCGLIB$$d68ea97d] is not eligible for getting processed by all BeanPostProcessors (for example: not eligible for auto-proxying)
2018-01-09 14:30:05.002 WARN   study bootstrap [thread:kafka-producer-network-thread | producer-1,pid:18648] [,,,] org.apache.kafka.clients.NetworkClient --- [Producer clientId=producer-1] Connection to node -1 could not be established. Broker may not be available.
