2018-01-09 11:04:17.291 DEBUG  study sharding-jdbc-demo [thread:main,pid:19376] [,,,] org.springframework.boot.logging.ClasspathLoggingApplicationListener --- Application failed to start with classpath: [file:/D:/Program%20Files/Java/jdk1.8.0_151/jre/lib/charsets.jar, file:/D:/Program%20Files/Java/jdk1.8.0_151/jre/lib/deploy.jar, file:/D:/Program%20Files/Java/jdk1.8.0_151/jre/lib/ext/access-bridge-64.jar, file:/D:/Program%20Files/Java/jdk1.8.0_151/jre/lib/ext/cldrdata.jar, file:/D:/Program%20Files/Java/jdk1.8.0_151/jre/lib/ext/dnsns.jar, file:/D:/Program%20Files/Java/jdk1.8.0_151/jre/lib/ext/jaccess.jar, file:/D:/Program%20Files/Java/jdk1.8.0_151/jre/lib/ext/jfxrt.jar, file:/D:/Program%20Files/Java/jdk1.8.0_151/jre/lib/ext/localedata.jar, file:/D:/Program%20Files/Java/jdk1.8.0_151/jre/lib/ext/nashorn.jar, file:/D:/Program%20Files/Java/jdk1.8.0_151/jre/lib/ext/sunec.jar, file:/D:/Program%20Files/Java/jdk1.8.0_151/jre/lib/ext/sunjce_provider.jar, file:/D:/Program%20Files/Java/jdk1.8.0_151/jre/lib/ext/sunmscapi.jar, file:/D:/Program%20Files/Java/jdk1.8.0_151/jre/lib/ext/sunpkcs11.jar, file:/D:/Program%20Files/Java/jdk1.8.0_151/jre/lib/ext/zipfs.jar, file:/D:/Program%20Files/Java/jdk1.8.0_151/jre/lib/javaws.jar, file:/D:/Program%20Files/Java/jdk1.8.0_151/jre/lib/jce.jar, file:/D:/Program%20Files/Java/jdk1.8.0_151/jre/lib/jfr.jar, file:/D:/Program%20Files/Java/jdk1.8.0_151/jre/lib/jfxswt.jar, file:/D:/Program%20Files/Java/jdk1.8.0_151/jre/lib/jsse.jar, file:/D:/Program%20Files/Java/jdk1.8.0_151/jre/lib/management-agent.jar, file:/D:/Program%20Files/Java/jdk1.8.0_151/jre/lib/plugin.jar, file:/D:/Program%20Files/Java/jdk1.8.0_151/jre/lib/resources.jar, file:/D:/Program%20Files/Java/jdk1.8.0_151/jre/lib/rt.jar, file:/F:/study/sharding-jdbc-demo/target/classes/, file:/E:/repository/org/springframework/boot/spring-boot-starter-web/1.5.2.RELEASE/spring-boot-starter-web-1.5.2.RELEASE.jar, file:/E:/repository/org/springframework/boot/spring-boot-starter/1.5.2.RELEASE/spring-boot-starter-1.5.2.RELEASE.jar, file:/E:/repository/org/springframework/boot/spring-boot/1.5.2.RELEASE/spring-boot-1.5.2.RELEASE.jar, file:/E:/repository/org/springframework/boot/spring-boot-autoconfigure/1.5.2.RELEASE/spring-boot-autoconfigure-1.5.2.RELEASE.jar, file:/E:/repository/org/springframework/boot/spring-boot-starter-logging/1.5.2.RELEASE/spring-boot-starter-logging-1.5.2.RELEASE.jar, file:/E:/repository/ch/qos/logback/logback-classic/1.1.11/logback-classic-1.1.11.jar, file:/E:/repository/ch/qos/logback/logback-core/1.1.11/logback-core-1.1.11.jar, file:/E:/repository/org/slf4j/jcl-over-slf4j/1.7.24/jcl-over-slf4j-1.7.24.jar, file:/E:/repository/org/slf4j/jul-to-slf4j/1.7.24/jul-to-slf4j-1.7.24.jar, file:/E:/repository/org/slf4j/log4j-over-slf4j/1.7.24/log4j-over-slf4j-1.7.24.jar, file:/E:/repository/org/springframework/spring-core/4.3.7.RELEASE/spring-core-4.3.7.RELEASE.jar, file:/E:/repository/org/yaml/snakeyaml/1.17/snakeyaml-1.17.jar, file:/E:/repository/org/springframework/boot/spring-boot-starter-tomcat/1.5.2.RELEASE/spring-boot-starter-tomcat-1.5.2.RELEASE.jar, file:/E:/repository/org/apache/tomcat/embed/tomcat-embed-core/8.5.11/tomcat-embed-core-8.5.11.jar, file:/E:/repository/org/apache/tomcat/embed/tomcat-embed-el/8.5.11/tomcat-embed-el-8.5.11.jar, file:/E:/repository/org/apache/tomcat/embed/tomcat-embed-websocket/8.5.11/tomcat-embed-websocket-8.5.11.jar, file:/E:/repository/org/hibernate/hibernate-validator/5.3.4.Final/hibernate-validator-5.3.4.Final.jar, file:/E:/repository/javax/validation/validation-api/1.1.0.Final/validation-api-1.1.0.Final.jar, file:/E:/repository/org/jboss/logging/jboss-logging/3.3.0.Final/jboss-logging-3.3.0.Final.jar, file:/E:/repository/com/fasterxml/classmate/1.3.3/classmate-1.3.3.jar, file:/E:/repository/com/fasterxml/jackson/core/jackson-databind/2.8.7/jackson-databind-2.8.7.jar, file:/E:/repository/com/fasterxml/jackson/core/jackson-annotations/2.8.0/jackson-annotations-2.8.0.jar, file:/E:/repository/com/fasterxml/jackson/core/jackson-core/2.8.7/jackson-core-2.8.7.jar, file:/E:/repository/org/springframework/spring-web/4.3.7.RELEASE/spring-web-4.3.7.RELEASE.jar, file:/E:/repository/org/springframework/spring-aop/4.3.7.RELEASE/spring-aop-4.3.7.RELEASE.jar, file:/E:/repository/org/springframework/spring-beans/4.3.7.RELEASE/spring-beans-4.3.7.RELEASE.jar, file:/E:/repository/org/springframework/spring-context/4.3.7.RELEASE/spring-context-4.3.7.RELEASE.jar, file:/E:/repository/org/springframework/spring-webmvc/4.3.7.RELEASE/spring-webmvc-4.3.7.RELEASE.jar, file:/E:/repository/org/springframework/spring-expression/4.3.7.RELEASE/spring-expression-4.3.7.RELEASE.jar, file:/E:/repository/io/shardingjdbc/sharding-jdbc-orchestration-spring-namespace/2.0.0/sharding-jdbc-orchestration-spring-namespace-2.0.0.jar, file:/E:/repository/io/shardingjdbc/sharding-jdbc-orchestration/2.0.0/sharding-jdbc-orchestration-2.0.0.jar, file:/E:/repository/io/shardingjdbc/sharding-jdbc-core/2.0.0/sharding-jdbc-core-2.0.0.jar, file:/E:/repository/org/codehaus/groovy/groovy/2.4.5/groovy-2.4.5-indy.jar, file:/E:/repository/com/google/guava/guava/18.0/guava-18.0.jar, file:/E:/repository/com/google/code/gson/gson/2.8.0/gson-2.8.0.jar, file:/E:/repository/org/apache/curator/curator-framework/2.10.0/curator-framework-2.10.0.jar, file:/E:/repository/org/apache/curator/curator-client/2.10.0/curator-client-2.10.0.jar, file:/E:/repository/org/apache/zookeeper/zookeeper/3.4.6/zookeeper-3.4.6.jar, file:/E:/repository/log4j/log4j/1.2.16/log4j-1.2.16.jar, file:/E:/repository/jline/jline/0.9.94/jline-0.9.94.jar, file:/E:/repository/io/netty/netty/3.7.0.Final/netty-3.7.0.Final.jar, file:/E:/repository/org/apache/curator/curator-recipes/2.10.0/curator-recipes-2.10.0.jar, file:/E:/repository/io/grpc/grpc-netty/1.7.0/grpc-netty-1.7.0.jar, file:/E:/repository/io/grpc/grpc-core/1.7.0/grpc-core-1.7.0.jar, file:/E:/repository/io/grpc/grpc-context/1.7.0/grpc-context-1.7.0.jar, file:/E:/repository/com/google/errorprone/error_prone_annotations/2.0.19/error_prone_annotations-2.0.19.jar, file:/E:/repository/com/google/instrumentation/instrumentation-api/0.4.3/instrumentation-api-0.4.3.jar, file:/E:/repository/io/opencensus/opencensus-api/0.6.0/opencensus-api-0.6.0.jar, file:/E:/repository/io/netty/netty-codec-http2/4.1.16.Final/netty-codec-http2-4.1.16.Final.jar, file:/E:/repository/io/netty/netty-codec-http/4.1.16.Final/netty-codec-http-4.1.16.Final.jar, file:/E:/repository/io/netty/netty-codec/4.1.16.Final/netty-codec-4.1.16.Final.jar, file:/E:/repository/io/netty/netty-handler/4.1.16.Final/netty-handler-4.1.16.Final.jar, file:/E:/repository/io/netty/netty-buffer/4.1.16.Final/netty-buffer-4.1.16.Final.jar, file:/E:/repository/io/netty/netty-common/4.1.16.Final/netty-common-4.1.16.Final.jar, file:/E:/repository/io/netty/netty-handler-proxy/4.1.16.Final/netty-handler-proxy-4.1.16.Final.jar, file:/E:/repository/io/netty/netty-transport/4.1.16.Final/netty-transport-4.1.16.Final.jar, file:/E:/repository/io/netty/netty-resolver/4.1.16.Final/netty-resolver-4.1.16.Final.jar, file:/E:/repository/io/netty/netty-codec-socks/4.1.16.Final/netty-codec-socks-4.1.16.Final.jar, file:/E:/repository/io/grpc/grpc-protobuf/1.7.0/grpc-protobuf-1.7.0.jar, file:/E:/repository/com/google/protobuf/protobuf-java/3.4.0/protobuf-java-3.4.0.jar, file:/E:/repository/com/google/protobuf/protobuf-java-util/3.4.0/protobuf-java-util-3.4.0.jar, file:/E:/repository/com/google/api/grpc/proto-google-common-protos/0.1.9/proto-google-common-protos-0.1.9.jar, file:/E:/repository/io/grpc/grpc-protobuf-lite/1.7.0/grpc-protobuf-lite-1.7.0.jar, file:/E:/repository/io/grpc/grpc-stub/1.7.0/grpc-stub-1.7.0.jar, file:/E:/repository/com/github/rholder/guava-retrying/2.0.0/guava-retrying-2.0.0.jar, file:/E:/repository/com/google/code/findbugs/jsr305/2.0.2/jsr305-2.0.2.jar, file:/E:/repository/org/mybatis/spring/boot/mybatis-spring-boot-starter/1.3.1/mybatis-spring-boot-starter-1.3.1.jar, file:/E:/repository/org/mybatis/spring/boot/mybatis-spring-boot-autoconfigure/1.3.1/mybatis-spring-boot-autoconfigure-1.3.1.jar, file:/E:/repository/org/mybatis/mybatis/3.4.5/mybatis-3.4.5.jar, file:/E:/repository/org/mybatis/mybatis-spring/1.3.1/mybatis-spring-1.3.1.jar, file:/E:/repository/org/springframework/boot/spring-boot-starter-jdbc/1.5.2.RELEASE/spring-boot-starter-jdbc-1.5.2.RELEASE.jar, file:/E:/repository/org/springframework/spring-jdbc/4.3.7.RELEASE/spring-jdbc-4.3.7.RELEASE.jar, file:/E:/repository/org/springframework/spring-tx/4.3.7.RELEASE/spring-tx-4.3.7.RELEASE.jar, file:/E:/repository/mysql/mysql-connector-java/5.1.41/mysql-connector-java-5.1.41.jar, file:/E:/repository/com/zaxxer/HikariCP/2.7.2/HikariCP-2.7.2.jar, file:/E:/repository/org/slf4j/slf4j-api/1.7.24/slf4j-api-1.7.24.jar, file:/E:/repository/org/apache/commons/commons-lang3/3.7/commons-lang3-3.7.jar, file:/D:/Program%20Files/IntelliJ%20IDEA/lib/idea_rt.jar]
2018-01-09 11:04:17.299 ERROR  study sharding-jdbc-demo [thread:main,pid:19376] [,,,] org.springframework.boot.SpringApplication --- Application startup failed
java.lang.IllegalStateException: Logback configuration error detected: 
ERROR in ch.qos.logback.core.joran.action.AppenderAction - Could not create an Appender of type [com.github.danielwegener.logback.kafka.KafkaAppender]. ch.qos.logback.core.util.DynamicClassLoadingException: Failed to instantiate type com.github.danielwegener.logback.kafka.KafkaAppender
ERROR in ch.qos.logback.core.joran.spi.Interpreter@40:94 - ActionException in Action for tag [appender] ch.qos.logback.core.joran.spi.ActionException: ch.qos.logback.core.util.DynamicClassLoadingException: Failed to instantiate type com.github.danielwegener.logback.kafka.KafkaAppender
ERROR in ch.qos.logback.core.joran.action.AppenderRefAction - Could not find an appender named [kafkaAppender]. Did you define it below instead of above in the configuration file?
ERROR in ch.qos.logback.core.joran.action.AppenderRefAction - See http://logback.qos.ch/codes.html#appender_order for more details.
	at org.springframework.boot.logging.logback.LogbackLoggingSystem.loadConfiguration(LogbackLoggingSystem.java:161)
	at org.springframework.boot.logging.AbstractLoggingSystem.initializeWithConventions(AbstractLoggingSystem.java:81)
	at org.springframework.boot.logging.AbstractLoggingSystem.initialize(AbstractLoggingSystem.java:59)
	at org.springframework.boot.logging.logback.LogbackLoggingSystem.initialize(LogbackLoggingSystem.java:114)
	at org.springframework.boot.logging.LoggingApplicationListener.initializeSystem(LoggingApplicationListener.java:303)
	at org.springframework.boot.logging.LoggingApplicationListener.initialize(LoggingApplicationListener.java:276)
	at org.springframework.boot.logging.LoggingApplicationListener.onApplicationEnvironmentPreparedEvent(LoggingApplicationListener.java:239)
	at org.springframework.boot.logging.LoggingApplicationListener.onApplicationEvent(LoggingApplicationListener.java:212)
	at org.springframework.context.event.SimpleApplicationEventMulticaster.invokeListener(SimpleApplicationEventMulticaster.java:167)
	at org.springframework.context.event.SimpleApplicationEventMulticaster.multicastEvent(SimpleApplicationEventMulticaster.java:139)
	at org.springframework.context.event.SimpleApplicationEventMulticaster.multicastEvent(SimpleApplicationEventMulticaster.java:122)
	at org.springframework.boot.context.event.EventPublishingRunListener.environmentPrepared(EventPublishingRunListener.java:73)
	at org.springframework.boot.SpringApplicationRunListeners.environmentPrepared(SpringApplicationRunListeners.java:54)
	at org.springframework.boot.SpringApplication.prepareEnvironment(SpringApplication.java:336)
	at org.springframework.boot.SpringApplication.run(SpringApplication.java:307)
	at org.springframework.boot.SpringApplication.run(SpringApplication.java:1162)
	at org.springframework.boot.SpringApplication.run(SpringApplication.java:1151)
	at com.hx.SpringApplication.main(SpringApplication.java:13)
2018-01-09 11:05:05.943 DEBUG  study sharding-jdbc-demo [thread:main,pid:17540] [,,,] org.springframework.boot.logging.ClasspathLoggingApplicationListener --- Application started with classpath: [file:/D:/Program%20Files/Java/jdk1.8.0_151/jre/lib/charsets.jar, file:/D:/Program%20Files/Java/jdk1.8.0_151/jre/lib/deploy.jar, file:/D:/Program%20Files/Java/jdk1.8.0_151/jre/lib/ext/access-bridge-64.jar, file:/D:/Program%20Files/Java/jdk1.8.0_151/jre/lib/ext/cldrdata.jar, file:/D:/Program%20Files/Java/jdk1.8.0_151/jre/lib/ext/dnsns.jar, file:/D:/Program%20Files/Java/jdk1.8.0_151/jre/lib/ext/jaccess.jar, file:/D:/Program%20Files/Java/jdk1.8.0_151/jre/lib/ext/jfxrt.jar, file:/D:/Program%20Files/Java/jdk1.8.0_151/jre/lib/ext/localedata.jar, file:/D:/Program%20Files/Java/jdk1.8.0_151/jre/lib/ext/nashorn.jar, file:/D:/Program%20Files/Java/jdk1.8.0_151/jre/lib/ext/sunec.jar, file:/D:/Program%20Files/Java/jdk1.8.0_151/jre/lib/ext/sunjce_provider.jar, file:/D:/Program%20Files/Java/jdk1.8.0_151/jre/lib/ext/sunmscapi.jar, file:/D:/Program%20Files/Java/jdk1.8.0_151/jre/lib/ext/sunpkcs11.jar, file:/D:/Program%20Files/Java/jdk1.8.0_151/jre/lib/ext/zipfs.jar, file:/D:/Program%20Files/Java/jdk1.8.0_151/jre/lib/javaws.jar, file:/D:/Program%20Files/Java/jdk1.8.0_151/jre/lib/jce.jar, file:/D:/Program%20Files/Java/jdk1.8.0_151/jre/lib/jfr.jar, file:/D:/Program%20Files/Java/jdk1.8.0_151/jre/lib/jfxswt.jar, file:/D:/Program%20Files/Java/jdk1.8.0_151/jre/lib/jsse.jar, file:/D:/Program%20Files/Java/jdk1.8.0_151/jre/lib/management-agent.jar, file:/D:/Program%20Files/Java/jdk1.8.0_151/jre/lib/plugin.jar, file:/D:/Program%20Files/Java/jdk1.8.0_151/jre/lib/resources.jar, file:/D:/Program%20Files/Java/jdk1.8.0_151/jre/lib/rt.jar, file:/F:/study/sharding-jdbc-demo/target/classes/, file:/E:/repository/org/springframework/boot/spring-boot-starter-web/1.5.2.RELEASE/spring-boot-starter-web-1.5.2.RELEASE.jar, file:/E:/repository/org/springframework/boot/spring-boot-starter/1.5.2.RELEASE/spring-boot-starter-1.5.2.RELEASE.jar, file:/E:/repository/org/springframework/boot/spring-boot/1.5.2.RELEASE/spring-boot-1.5.2.RELEASE.jar, file:/E:/repository/org/springframework/boot/spring-boot-autoconfigure/1.5.2.RELEASE/spring-boot-autoconfigure-1.5.2.RELEASE.jar, file:/E:/repository/org/springframework/boot/spring-boot-starter-logging/1.5.2.RELEASE/spring-boot-starter-logging-1.5.2.RELEASE.jar, file:/E:/repository/ch/qos/logback/logback-classic/1.1.11/logback-classic-1.1.11.jar, file:/E:/repository/ch/qos/logback/logback-core/1.1.11/logback-core-1.1.11.jar, file:/E:/repository/org/slf4j/jcl-over-slf4j/1.7.24/jcl-over-slf4j-1.7.24.jar, file:/E:/repository/org/slf4j/jul-to-slf4j/1.7.24/jul-to-slf4j-1.7.24.jar, file:/E:/repository/org/slf4j/log4j-over-slf4j/1.7.24/log4j-over-slf4j-1.7.24.jar, file:/E:/repository/org/springframework/spring-core/4.3.7.RELEASE/spring-core-4.3.7.RELEASE.jar, file:/E:/repository/org/yaml/snakeyaml/1.17/snakeyaml-1.17.jar, file:/E:/repository/org/springframework/boot/spring-boot-starter-tomcat/1.5.2.RELEASE/spring-boot-starter-tomcat-1.5.2.RELEASE.jar, file:/E:/repository/org/apache/tomcat/embed/tomcat-embed-core/8.5.11/tomcat-embed-core-8.5.11.jar, file:/E:/repository/org/apache/tomcat/embed/tomcat-embed-el/8.5.11/tomcat-embed-el-8.5.11.jar, file:/E:/repository/org/apache/tomcat/embed/tomcat-embed-websocket/8.5.11/tomcat-embed-websocket-8.5.11.jar, file:/E:/repository/org/hibernate/hibernate-validator/5.3.4.Final/hibernate-validator-5.3.4.Final.jar, file:/E:/repository/javax/validation/validation-api/1.1.0.Final/validation-api-1.1.0.Final.jar, file:/E:/repository/org/jboss/logging/jboss-logging/3.3.0.Final/jboss-logging-3.3.0.Final.jar, file:/E:/repository/com/fasterxml/classmate/1.3.3/classmate-1.3.3.jar, file:/E:/repository/com/fasterxml/jackson/core/jackson-databind/2.8.7/jackson-databind-2.8.7.jar, file:/E:/repository/com/fasterxml/jackson/core/jackson-annotations/2.8.0/jackson-annotations-2.8.0.jar, file:/E:/repository/com/fasterxml/jackson/core/jackson-core/2.8.7/jackson-core-2.8.7.jar, file:/E:/repository/org/springframework/spring-web/4.3.7.RELEASE/spring-web-4.3.7.RELEASE.jar, file:/E:/repository/org/springframework/spring-aop/4.3.7.RELEASE/spring-aop-4.3.7.RELEASE.jar, file:/E:/repository/org/springframework/spring-beans/4.3.7.RELEASE/spring-beans-4.3.7.RELEASE.jar, file:/E:/repository/org/springframework/spring-context/4.3.7.RELEASE/spring-context-4.3.7.RELEASE.jar, file:/E:/repository/org/springframework/spring-webmvc/4.3.7.RELEASE/spring-webmvc-4.3.7.RELEASE.jar, file:/E:/repository/org/springframework/spring-expression/4.3.7.RELEASE/spring-expression-4.3.7.RELEASE.jar, file:/E:/repository/com/github/danielwegener/logback-kafka-appender/0.1.0/logback-kafka-appender-0.1.0.jar, file:/E:/repository/org/apache/kafka/kafka-clients/0.9.0.0/kafka-clients-0.9.0.0.jar, file:/E:/repository/org/xerial/snappy/snappy-java/1.1.1.7/snappy-java-1.1.1.7.jar, file:/E:/repository/net/jpountz/lz4/lz4/1.2.0/lz4-1.2.0.jar, file:/E:/repository/io/shardingjdbc/sharding-jdbc-orchestration-spring-namespace/2.0.0/sharding-jdbc-orchestration-spring-namespace-2.0.0.jar, file:/E:/repository/io/shardingjdbc/sharding-jdbc-orchestration/2.0.0/sharding-jdbc-orchestration-2.0.0.jar, file:/E:/repository/io/shardingjdbc/sharding-jdbc-core/2.0.0/sharding-jdbc-core-2.0.0.jar, file:/E:/repository/org/codehaus/groovy/groovy/2.4.5/groovy-2.4.5-indy.jar, file:/E:/repository/com/google/guava/guava/18.0/guava-18.0.jar, file:/E:/repository/com/google/code/gson/gson/2.8.0/gson-2.8.0.jar, file:/E:/repository/org/apache/curator/curator-framework/2.10.0/curator-framework-2.10.0.jar, file:/E:/repository/org/apache/curator/curator-client/2.10.0/curator-client-2.10.0.jar, file:/E:/repository/org/apache/zookeeper/zookeeper/3.4.6/zookeeper-3.4.6.jar, file:/E:/repository/log4j/log4j/1.2.16/log4j-1.2.16.jar, file:/E:/repository/jline/jline/0.9.94/jline-0.9.94.jar, file:/E:/repository/io/netty/netty/3.7.0.Final/netty-3.7.0.Final.jar, file:/E:/repository/org/apache/curator/curator-recipes/2.10.0/curator-recipes-2.10.0.jar, file:/E:/repository/io/grpc/grpc-netty/1.7.0/grpc-netty-1.7.0.jar, file:/E:/repository/io/grpc/grpc-core/1.7.0/grpc-core-1.7.0.jar, file:/E:/repository/io/grpc/grpc-context/1.7.0/grpc-context-1.7.0.jar, file:/E:/repository/com/google/errorprone/error_prone_annotations/2.0.19/error_prone_annotations-2.0.19.jar, file:/E:/repository/com/google/instrumentation/instrumentation-api/0.4.3/instrumentation-api-0.4.3.jar, file:/E:/repository/io/opencensus/opencensus-api/0.6.0/opencensus-api-0.6.0.jar, file:/E:/repository/io/netty/netty-codec-http2/4.1.16.Final/netty-codec-http2-4.1.16.Final.jar, file:/E:/repository/io/netty/netty-codec-http/4.1.16.Final/netty-codec-http-4.1.16.Final.jar, file:/E:/repository/io/netty/netty-codec/4.1.16.Final/netty-codec-4.1.16.Final.jar, file:/E:/repository/io/netty/netty-handler/4.1.16.Final/netty-handler-4.1.16.Final.jar, file:/E:/repository/io/netty/netty-buffer/4.1.16.Final/netty-buffer-4.1.16.Final.jar, file:/E:/repository/io/netty/netty-common/4.1.16.Final/netty-common-4.1.16.Final.jar, file:/E:/repository/io/netty/netty-handler-proxy/4.1.16.Final/netty-handler-proxy-4.1.16.Final.jar, file:/E:/repository/io/netty/netty-transport/4.1.16.Final/netty-transport-4.1.16.Final.jar, file:/E:/repository/io/netty/netty-resolver/4.1.16.Final/netty-resolver-4.1.16.Final.jar, file:/E:/repository/io/netty/netty-codec-socks/4.1.16.Final/netty-codec-socks-4.1.16.Final.jar, file:/E:/repository/io/grpc/grpc-protobuf/1.7.0/grpc-protobuf-1.7.0.jar, file:/E:/repository/com/google/protobuf/protobuf-java/3.4.0/protobuf-java-3.4.0.jar, file:/E:/repository/com/google/protobuf/protobuf-java-util/3.4.0/protobuf-java-util-3.4.0.jar, file:/E:/repository/com/google/api/grpc/proto-google-common-protos/0.1.9/proto-google-common-protos-0.1.9.jar, file:/E:/repository/io/grpc/grpc-protobuf-lite/1.7.0/grpc-protobuf-lite-1.7.0.jar, file:/E:/repository/io/grpc/grpc-stub/1.7.0/grpc-stub-1.7.0.jar, file:/E:/repository/com/github/rholder/guava-retrying/2.0.0/guava-retrying-2.0.0.jar, file:/E:/repository/com/google/code/findbugs/jsr305/2.0.2/jsr305-2.0.2.jar, file:/E:/repository/org/mybatis/spring/boot/mybatis-spring-boot-starter/1.3.1/mybatis-spring-boot-starter-1.3.1.jar, file:/E:/repository/org/mybatis/spring/boot/mybatis-spring-boot-autoconfigure/1.3.1/mybatis-spring-boot-autoconfigure-1.3.1.jar, file:/E:/repository/org/mybatis/mybatis/3.4.5/mybatis-3.4.5.jar, file:/E:/repository/org/mybatis/mybatis-spring/1.3.1/mybatis-spring-1.3.1.jar, file:/E:/repository/org/springframework/boot/spring-boot-starter-jdbc/1.5.2.RELEASE/spring-boot-starter-jdbc-1.5.2.RELEASE.jar, file:/E:/repository/org/springframework/spring-jdbc/4.3.7.RELEASE/spring-jdbc-4.3.7.RELEASE.jar, file:/E:/repository/org/springframework/spring-tx/4.3.7.RELEASE/spring-tx-4.3.7.RELEASE.jar, file:/E:/repository/mysql/mysql-connector-java/5.1.41/mysql-connector-java-5.1.41.jar, file:/E:/repository/com/zaxxer/HikariCP/2.7.2/HikariCP-2.7.2.jar, file:/E:/repository/org/slf4j/slf4j-api/1.7.24/slf4j-api-1.7.24.jar, file:/E:/repository/org/apache/commons/commons-lang3/3.7/commons-lang3-3.7.jar, file:/D:/Program%20Files/IntelliJ%20IDEA/lib/idea_rt.jar]
2018-01-09 11:05:05.957 INFO   study sharding-jdbc-demo [thread:main,pid:17540] [,,,] org.apache.kafka.clients.producer.ProducerConfig --- ProducerConfig values: 
	compression.type = none
	metric.reporters = []
	metadata.max.age.ms = 300000
	metadata.fetch.timeout.ms = 60000
	reconnect.backoff.ms = 50
	sasl.kerberos.ticket.renew.window.factor = 0.8
	bootstrap.servers = [192.168.7.128:9092]
	retry.backoff.ms = 100
	sasl.kerberos.kinit.cmd = /usr/bin/kinit
	buffer.memory = 33554432
	timeout.ms = 30000
	key.serializer = class org.apache.kafka.common.serialization.ByteArraySerializer
	sasl.kerberos.service.name = null
	sasl.kerberos.ticket.renew.jitter = 0.05
	ssl.keystore.type = JKS
	ssl.trustmanager.algorithm = PKIX
	block.on.buffer.full = false
	ssl.key.password = null
	max.block.ms = 60000
	sasl.kerberos.min.time.before.relogin = 60000
	connections.max.idle.ms = 540000
	ssl.truststore.password = null
	max.in.flight.requests.per.connection = 5
	metrics.num.samples = 2
	client.id = 
	ssl.endpoint.identification.algorithm = null
	ssl.protocol = TLS
	request.timeout.ms = 30000
	ssl.provider = null
	ssl.enabled.protocols = [TLSv1.2, TLSv1.1, TLSv1]
	acks = 1
	batch.size = 16384
	ssl.keystore.location = null
	receive.buffer.bytes = 32768
	ssl.cipher.suites = null
	ssl.truststore.type = JKS
	security.protocol = PLAINTEXT
	retries = 0
	max.request.size = 1048576
	value.serializer = class org.apache.kafka.common.serialization.ByteArraySerializer
	ssl.truststore.location = null
	ssl.keystore.password = null
	ssl.keymanager.algorithm = SunX509
	metrics.sample.window.ms = 30000
	partitioner.class = class org.apache.kafka.clients.producer.internals.DefaultPartitioner
	send.buffer.bytes = 131072
	linger.ms = 0

2018-01-09 11:05:05.970 DEBUG  study sharding-jdbc-demo [thread:main,pid:17540] [,,,] org.apache.kafka.common.metrics.Metrics --- Added sensor with name bufferpool-wait-time
2018-01-09 11:05:05.977 DEBUG  study sharding-jdbc-demo [thread:main,pid:17540] [,,,] org.apache.kafka.common.metrics.Metrics --- Added sensor with name buffer-exhausted-records
2018-01-09 11:05:13.060 DEBUG  study sharding-jdbc-demo [thread:main,pid:17540] [,,,] org.apache.kafka.clients.Metadata --- Updated cluster metadata version 1 to Cluster(nodes = [Node(-1, 192.168.7.128, 9092)], partitions = [])
2018-01-09 11:05:13.089 DEBUG  study sharding-jdbc-demo [thread:main,pid:17540] [,,,] org.apache.kafka.common.metrics.Metrics --- Added sensor with name connections-closed:client-id-producer-1
2018-01-09 11:05:13.090 DEBUG  study sharding-jdbc-demo [thread:main,pid:17540] [,,,] org.apache.kafka.common.metrics.Metrics --- Added sensor with name connections-created:client-id-producer-1
2018-01-09 11:05:13.090 DEBUG  study sharding-jdbc-demo [thread:main,pid:17540] [,,,] org.apache.kafka.common.metrics.Metrics --- Added sensor with name bytes-sent-received:client-id-producer-1
2018-01-09 11:05:13.092 DEBUG  study sharding-jdbc-demo [thread:main,pid:17540] [,,,] org.apache.kafka.common.metrics.Metrics --- Added sensor with name bytes-sent:client-id-producer-1
2018-01-09 11:05:13.094 DEBUG  study sharding-jdbc-demo [thread:main,pid:17540] [,,,] org.apache.kafka.common.metrics.Metrics --- Added sensor with name bytes-received:client-id-producer-1
2018-01-09 11:05:13.095 DEBUG  study sharding-jdbc-demo [thread:main,pid:17540] [,,,] org.apache.kafka.common.metrics.Metrics --- Added sensor with name select-time:client-id-producer-1
2018-01-09 11:05:13.095 DEBUG  study sharding-jdbc-demo [thread:main,pid:17540] [,,,] org.apache.kafka.common.metrics.Metrics --- Added sensor with name io-time:client-id-producer-1
2018-01-09 11:05:13.101 DEBUG  study sharding-jdbc-demo [thread:main,pid:17540] [,,,] org.apache.kafka.common.metrics.Metrics --- Added sensor with name batch-size
2018-01-09 11:05:13.102 DEBUG  study sharding-jdbc-demo [thread:main,pid:17540] [,,,] org.apache.kafka.common.metrics.Metrics --- Added sensor with name compression-rate
2018-01-09 11:05:13.103 DEBUG  study sharding-jdbc-demo [thread:main,pid:17540] [,,,] org.apache.kafka.common.metrics.Metrics --- Added sensor with name queue-time
2018-01-09 11:05:13.103 DEBUG  study sharding-jdbc-demo [thread:main,pid:17540] [,,,] org.apache.kafka.common.metrics.Metrics --- Added sensor with name request-time
2018-01-09 11:05:13.104 DEBUG  study sharding-jdbc-demo [thread:main,pid:17540] [,,,] org.apache.kafka.common.metrics.Metrics --- Added sensor with name produce-throttle-time
2018-01-09 11:05:13.104 DEBUG  study sharding-jdbc-demo [thread:main,pid:17540] [,,,] org.apache.kafka.common.metrics.Metrics --- Added sensor with name records-per-request
2018-01-09 11:05:13.104 DEBUG  study sharding-jdbc-demo [thread:main,pid:17540] [,,,] org.apache.kafka.common.metrics.Metrics --- Added sensor with name record-retries
2018-01-09 11:05:13.104 DEBUG  study sharding-jdbc-demo [thread:main,pid:17540] [,,,] org.apache.kafka.common.metrics.Metrics --- Added sensor with name errors
2018-01-09 11:05:13.105 DEBUG  study sharding-jdbc-demo [thread:main,pid:17540] [,,,] org.apache.kafka.common.metrics.Metrics --- Added sensor with name record-size-max
2018-01-09 11:05:13.108 DEBUG  study sharding-jdbc-demo [thread:kafka-producer-network-thread | producer-1,pid:17540] [,,,] org.apache.kafka.clients.producer.internals.Sender --- Starting Kafka producer I/O thread.
2018-01-09 11:05:13.110 INFO   study sharding-jdbc-demo [thread:main,pid:17540] [,,,] org.apache.kafka.common.utils.AppInfoParser --- Kafka version : 0.9.0.0
2018-01-09 11:05:13.111 INFO   study sharding-jdbc-demo [thread:main,pid:17540] [,,,] org.apache.kafka.common.utils.AppInfoParser --- Kafka commitId : fc7243c2af4b2b4a
2018-01-09 11:05:13.112 DEBUG  study sharding-jdbc-demo [thread:main,pid:17540] [,,,] org.apache.kafka.clients.producer.KafkaProducer --- Kafka producer started
2018-01-09 11:05:13.160 DEBUG  study sharding-jdbc-demo [thread:kafka-producer-network-thread | producer-1,pid:17540] [,,,] org.apache.kafka.clients.NetworkClient --- Initialize connection to node -1 for sending metadata request
